-------------------------------------------------------------------------------
Test set: com.docencia.condicionales.IfElseServiceTest
-------------------------------------------------------------------------------
Tests run: 8, Failures: 0, Errors: 5, Skipped: 0, Time elapsed: 0.070 s <<< FAILURE! -- in com.docencia.condicionales.IfElseServiceTest
com.docencia.condicionales.IfElseServiceTest.evaluarNotaAprobadoDevuelveAprobado -- Time elapsed: 0.003 s <<< ERROR!
java.lang.UnsupportedOperationException: Unimplemented method 'evaluarNota'
	at com.docencia.condicionales.IfElseServiceImpl.evaluarNota(IfElseServiceImpl.java:19)
	at com.docencia.condicionales.IfElseServiceTest.evaluarNotaAprobadoDevuelveAprobado(IfElseServiceTest.java:12)
	at java.base/java.lang.reflect.Method.invoke(Method.java:583)
	at java.base/java.util.ArrayList.forEach(ArrayList.java:1612)
	at java.base/java.util.ArrayList.forEach(ArrayList.java:1612)

com.docencia.condicionales.IfElseServiceTest.evaluarNotaSuspensoDevuelveSuspenso -- Time elapsed: 0.003 s <<< ERROR!
java.lang.UnsupportedOperationException: Unimplemented method 'evaluarNota'
	at com.docencia.condicionales.IfElseServiceImpl.evaluarNota(IfElseServiceImpl.java:19)
	at com.docencia.condicionales.IfElseServiceTest.evaluarNotaSuspensoDevuelveSuspenso(IfElseServiceTest.java:13)
	at java.base/java.lang.reflect.Method.invoke(Method.java:583)
	at java.base/java.util.ArrayList.forEach(ArrayList.java:1612)
	at java.base/java.util.ArrayList.forEach(ArrayList.java:1612)

com.docencia.condicionales.IfElseServiceTest.puedeAccederActivoYMayorDevuelveTrue -- Time elapsed: 0.002 s <<< ERROR!
java.lang.UnsupportedOperationException: Unimplemented method 'puedeAcceder'
	at com.docencia.condicionales.IfElseServiceImpl.puedeAcceder(IfElseServiceImpl.java:25)
	at com.docencia.condicionales.IfElseServiceTest.puedeAccederActivoYMayorDevuelveTrue(IfElseServiceTest.java:14)
	at java.base/java.lang.reflect.Method.invoke(Method.java:583)
	at java.base/java.util.ArrayList.forEach(ArrayList.java:1612)
	at java.base/java.util.ArrayList.forEach(ArrayList.java:1612)

com.docencia.condicionales.IfElseServiceTest.clasificarTemperaturaCalorDevuelveCalor -- Time elapsed: 0.002 s <<< ERROR!
java.lang.UnsupportedOperationException: Unimplemented method 'clasificarTemperatura'
	at com.docencia.condicionales.IfElseServiceImpl.clasificarTemperatura(IfElseServiceImpl.java:31)
	at com.docencia.condicionales.IfElseServiceTest.clasificarTemperaturaCalorDevuelveCalor(IfElseServiceTest.java:15)
	at java.base/java.lang.reflect.Method.invoke(Method.java:583)
	at java.base/java.util.ArrayList.forEach(ArrayList.java:1612)
	at java.base/java.util.ArrayList.forEach(ArrayList.java:1612)

com.docencia.condicionales.IfElseServiceTest.calcularResultadoComparacionIgualesDevuelveIguales -- Time elapsed: 0.002 s <<< ERROR!
java.lang.UnsupportedOperationException: Unimplemented method 'calcularResultadoComparacion'
	at com.docencia.condicionales.IfElseServiceImpl.calcularResultadoComparacion(IfElseServiceImpl.java:37)
	at com.docencia.condicionales.IfElseServiceTest.calcularResultadoComparacionIgualesDevuelveIguales(IfElseServiceTest.java:16)
	at java.base/java.lang.reflect.Method.invoke(Method.java:583)
	at java.base/java.util.ArrayList.forEach(ArrayList.java:1612)
	at java.base/java.util.ArrayList.forEach(ArrayList.java:1612)

