<?xml version="1.0" encoding="UTF-8"?>
<testsuite xmlns:xsi="http://www.w3.org/2001/XMLSchema-instance" xsi:noNamespaceSchemaLocation="https://maven.apache.org/surefire/maven-surefire-plugin/xsd/surefire-test-report-3.0.xsd" version="3.0" name="com.docencia.colecciones.SetServiceTest" time="0.016" tests="6" errors="5" skipped="0" failures="1">
  <properties>
[...]
</properties>
  <testcase name="obtenerElementosUnicosConDuplicadosDevuelveSetSinDuplicados" classname="com.docencia.colecciones.SetServiceTest" time="0.001">
    <error message="Unimplemented method &apos;obtenerElementosUnicos&apos;" type="java.lang.UnsupportedOperationException"><![CDATA[java.lang.UnsupportedOperationException: Unimplemented method 'obtenerElementosUnicos'
	at com.docencia.colecciones.SetServiceImpl.obtenerElementosUnicos(SetServiceImpl.java:12)
	at com.docencia.colecciones.SetServiceTest.obtenerElementosUnicosConDuplicadosDevuelveSetSinDuplicados(SetServiceTest.java:14)
	at java.base/java.lang.reflect.Method.invoke(Method.java:583)
	at java.base/java.util.ArrayList.forEach(ArrayList.java:1612)
	at java.base/java.util.ArrayList.forEach(ArrayList.java:1612)
]]></error>
  </testcase>
  <testcase name="contieneElementoExistenteDevuelveTrue" classname="com.docencia.colecciones.SetServiceTest" time="0.001">
    <error message="Unimplemented method &apos;contieneElemento&apos;" type="java.lang.UnsupportedOperationException"><![CDATA[java.lang.UnsupportedOperationException: Unimplemented method 'contieneElemento'
	at com.docencia.colecciones.SetServiceImpl.contieneElemento(SetServiceImpl.java:18)
	at com.docencia.colecciones.SetServiceTest.contieneElementoExistenteDevuelveTrue(SetServiceTest.java:19)
	at java.base/java.lang.reflect.Method.invoke(Method.java:583)
	at java.base/java.util.ArrayList.forEach(ArrayList.java:1612)
	at java.base/java.util.ArrayList.forEach(ArrayList.java:1612)
]]></error>
  </testcase>
  <testcase name="contieneElementoValorNullLanzaExcepcion" classname="com.docencia.colecciones.SetServiceTest" time="0.002">
    <failure message="Unexpected exception type thrown, expected: &lt;java.lang.IllegalArgumentException&gt; but was: &lt;java.lang.UnsupportedOperationException&gt;" type="org.opentest4j.AssertionFailedError"><![CDATA[org.opentest4j.AssertionFailedError: Unexpected exception type thrown, expected: <java.lang.IllegalArgumentException> but was: <java.lang.UnsupportedOperationException>
	at org.junit.jupiter.api.AssertionFailureBuilder.build(AssertionFailureBuilder.java:151)
	at org.junit.jupiter.api.AssertThrows.assertThrows(AssertThrows.java:67)
	at org.junit.jupiter.api.AssertThrows.assertThrows(AssertThrows.java:35)
	at org.junit.jupiter.api.Assertions.assertThrows(Assertions.java:3115)
	at com.docencia.colecciones.SetServiceTest.contieneElementoValorNullLanzaExcepcion(SetServiceTest.java:24)
	at java.base/java.lang.reflect.Method.invoke(Method.java:583)
	at java.base/java.util.ArrayList.forEach(ArrayList.java:1612)
	at java.base/java.util.ArrayList.forEach(ArrayList.java:1612)
Caused by: java.lang.UnsupportedOperationException: Unimplemented method 'contieneElemento'
	at com.docencia.colecciones.SetServiceImpl.contieneElemento(SetServiceImpl.java:18)
	at com.docencia.colecciones.SetServiceTest.lambda$contieneElementoValorNullLanzaExcepcion$0(SetServiceTest.java:24)
	at org.junit.jupiter.api.AssertThrows.assertThrows(AssertThrows.java:53)
	... 6 more
]]></failure>
  </testcase>
  <testcase name="unirConjuntosDatosValidosDevuelveUnion" classname="com.docencia.colecciones.SetServiceTest" time="0.001">
    <error message="Unimplemented method &apos;unirConjuntos&apos;" type="java.lang.UnsupportedOperationException"><![CDATA[java.lang.UnsupportedOperationException: Unimplemented method 'unirConjuntos'
	at com.docencia.colecciones.SetServiceImpl.unirConjuntos(SetServiceImpl.java:24)
	at com.docencia.colecciones.SetServiceTest.unirConjuntosDatosValidosDevuelveUnion(SetServiceTest.java:29)
	at java.base/java.lang.reflect.Method.invoke(Method.java:583)
	at java.base/java.util.ArrayList.forEach(ArrayList.java:1612)
	at java.base/java.util.ArrayList.forEach(ArrayList.java:1612)
]]></error>
  </testcase>
  <testcase name="intersectarConjuntosConCoincidenciasDevuelveInterseccion" classname="com.docencia.colecciones.SetServiceTest" time="0.001">
    <error message="Unimplemented method &apos;intersectarConjuntos&apos;" type="java.lang.UnsupportedOperationException"><![CDATA[java.lang.UnsupportedOperationException: Unimplemented method 'intersectarConjuntos'
	at com.docencia.colecciones.SetServiceImpl.intersectarConjuntos(SetServiceImpl.java:30)
	at com.docencia.colecciones.SetServiceTest.intersectarConjuntosConCoincidenciasDevuelveInterseccion(SetServiceTest.java:34)
	at java.base/java.lang.reflect.Method.invoke(Method.java:583)
	at java.base/java.util.ArrayList.forEach(ArrayList.java:1612)
	at java.base/java.util.ArrayList.forEach(ArrayList.java:1612)
]]></error>
  </testcase>
  <testcase name="restarConjuntosDatosValidosDevuelveDiferencia" classname="com.docencia.colecciones.SetServiceTest" time="0.001">
    <error message="Unimplemented method &apos;restarConjuntos&apos;" type="java.lang.UnsupportedOperationException"><![CDATA[java.lang.UnsupportedOperationException: Unimplemented method 'restarConjuntos'
	at com.docencia.colecciones.SetServiceImpl.restarConjuntos(SetServiceImpl.java:36)
	at com.docencia.colecciones.SetServiceTest.restarConjuntosDatosValidosDevuelveDiferencia(SetServiceTest.java:39)
	at java.base/java.lang.reflect.Method.invoke(Method.java:583)
	at java.base/java.util.ArrayList.forEach(ArrayList.java:1612)
	at java.base/java.util.ArrayList.forEach(ArrayList.java:1612)
]]></error>
  </testcase>
</testsuite>