<?xml version="1.0" encoding="UTF-8"?>
<testsuite xmlns:xsi="http://www.w3.org/2001/XMLSchema-instance" xsi:noNamespaceSchemaLocation="https://maven.apache.org/surefire/maven-surefire-plugin/xsd/surefire-test-report-3.0.xsd" version="3.0" name="com.docencia.numeros.IntegerServiceTest" time="0.043" tests="10" errors="7" skipped="0" failures="3">
  <properties>
[...]
</properties>
  <testcase name="esParNumeroParDevuelveTrue" classname="com.docencia.numeros.IntegerServiceTest" time="0.002">
    <error message="Unimplemented method &apos;esPar&apos;" type="java.lang.UnsupportedOperationException"><![CDATA[java.lang.UnsupportedOperationException: Unimplemented method 'esPar'
	at com.docencia.numeros.IntegerServiceImpl.esPar(IntegerServiceImpl.java:8)
	at com.docencia.numeros.IntegerServiceTest.esParNumeroParDevuelveTrue(IntegerServiceTest.java:9)
	at java.base/java.lang.reflect.Method.invoke(Method.java:583)
	at java.base/java.util.ArrayList.forEach(ArrayList.java:1612)
	at java.base/java.util.ArrayList.forEach(ArrayList.java:1612)
]]></error>
  </testcase>
  <testcase name="esParNumeroImparDevuelveFalse" classname="com.docencia.numeros.IntegerServiceTest" time="0.001">
    <error message="Unimplemented method &apos;esPar&apos;" type="java.lang.UnsupportedOperationException"><![CDATA[java.lang.UnsupportedOperationException: Unimplemented method 'esPar'
	at com.docencia.numeros.IntegerServiceImpl.esPar(IntegerServiceImpl.java:8)
	at com.docencia.numeros.IntegerServiceTest.esParNumeroImparDevuelveFalse(IntegerServiceTest.java:10)
	at java.base/java.lang.reflect.Method.invoke(Method.java:583)
	at java.base/java.util.ArrayList.forEach(ArrayList.java:1612)
	at java.base/java.util.ArrayList.forEach(ArrayList.java:1612)
]]></error>
  </testcase>
  <testcase name="esParNumeroNullLanzaExcepcion" classname="com.docencia.numeros.IntegerServiceTest" time="0.003">
    <failure message="Unexpected exception type thrown, expected: &lt;java.lang.IllegalArgumentException&gt; but was: &lt;java.lang.UnsupportedOperationException&gt;" type="org.opentest4j.AssertionFailedError"><![CDATA[org.opentest4j.AssertionFailedError: Unexpected exception type thrown, expected: <java.lang.IllegalArgumentException> but was: <java.lang.UnsupportedOperationException>
	at org.junit.jupiter.api.AssertionFailureBuilder.build(AssertionFailureBuilder.java:151)
	at org.junit.jupiter.api.AssertThrows.assertThrows(AssertThrows.java:67)
	at org.junit.jupiter.api.AssertThrows.assertThrows(AssertThrows.java:35)
	at org.junit.jupiter.api.Assertions.assertThrows(Assertions.java:3115)
	at com.docencia.numeros.IntegerServiceTest.esParNumeroNullLanzaExcepcion(IntegerServiceTest.java:11)
	at java.base/java.lang.reflect.Method.invoke(Method.java:583)
	at java.base/java.util.ArrayList.forEach(ArrayList.java:1612)
	at java.base/java.util.ArrayList.forEach(ArrayList.java:1612)
Caused by: java.lang.UnsupportedOperationException: Unimplemented method 'esPar'
	at com.docencia.numeros.IntegerServiceImpl.esPar(IntegerServiceImpl.java:8)
	at com.docencia.numeros.IntegerServiceTest.lambda$esParNumeroNullLanzaExcepcion$0(IntegerServiceTest.java:11)
	at org.junit.jupiter.api.AssertThrows.assertThrows(AssertThrows.java:53)
	... 6 more
]]></failure>
  </testcase>
  <testcase name="sumarDigitosNumeroNegativoDevuelveSuma" classname="com.docencia.numeros.IntegerServiceTest" time="0.001">
    <error message="Unimplemented method &apos;sumarDigitos&apos;" type="java.lang.UnsupportedOperationException"><![CDATA[java.lang.UnsupportedOperationException: Unimplemented method 'sumarDigitos'
	at com.docencia.numeros.IntegerServiceImpl.sumarDigitos(IntegerServiceImpl.java:14)
	at com.docencia.numeros.IntegerServiceTest.sumarDigitosNumeroNegativoDevuelveSuma(IntegerServiceTest.java:12)
	at java.base/java.lang.reflect.Method.invoke(Method.java:583)
	at java.base/java.util.ArrayList.forEach(ArrayList.java:1612)
	at java.base/java.util.ArrayList.forEach(ArrayList.java:1612)
]]></error>
  </testcase>
  <testcase name="convertirTextoAEnteroTextoValidoDevuelveEntero" classname="com.docencia.numeros.IntegerServiceTest" time="0.009">
    <error message="Unimplemented method &apos;convertirTextoAEntero&apos;" type="java.lang.UnsupportedOperationException"><![CDATA[java.lang.UnsupportedOperationException: Unimplemented method 'convertirTextoAEntero'
	at com.docencia.numeros.IntegerServiceImpl.convertirTextoAEntero(IntegerServiceImpl.java:20)
	at com.docencia.numeros.IntegerServiceTest.convertirTextoAEnteroTextoValidoDevuelveEntero(IntegerServiceTest.java:13)
	at java.base/java.lang.reflect.Method.invoke(Method.java:583)
	at java.base/java.util.ArrayList.forEach(ArrayList.java:1612)
	at java.base/java.util.ArrayList.forEach(ArrayList.java:1612)
]]></error>
  </testcase>
  <testcase name="convertirTextoAEnteroTextoInvalidoLanzaExcepcion" classname="com.docencia.numeros.IntegerServiceTest" time="0.006">
    <failure message="Unexpected exception type thrown, expected: &lt;java.lang.IllegalArgumentException&gt; but was: &lt;java.lang.UnsupportedOperationException&gt;" type="org.opentest4j.AssertionFailedError"><![CDATA[org.opentest4j.AssertionFailedError: Unexpected exception type thrown, expected: <java.lang.IllegalArgumentException> but was: <java.lang.UnsupportedOperationException>
	at org.junit.jupiter.api.AssertionFailureBuilder.build(AssertionFailureBuilder.java:151)
	at org.junit.jupiter.api.AssertThrows.assertThrows(AssertThrows.java:67)
	at org.junit.jupiter.api.AssertThrows.assertThrows(AssertThrows.java:35)
	at org.junit.jupiter.api.Assertions.assertThrows(Assertions.java:3115)
	at com.docencia.numeros.IntegerServiceTest.convertirTextoAEnteroTextoInvalidoLanzaExcepcion(IntegerServiceTest.java:14)
	at java.base/java.lang.reflect.Method.invoke(Method.java:583)
	at java.base/java.util.ArrayList.forEach(ArrayList.java:1612)
	at java.base/java.util.ArrayList.forEach(ArrayList.java:1612)
Caused by: java.lang.UnsupportedOperationException: Unimplemented method 'convertirTextoAEntero'
	at com.docencia.numeros.IntegerServiceImpl.convertirTextoAEntero(IntegerServiceImpl.java:20)
	at com.docencia.numeros.IntegerServiceTest.lambda$convertirTextoAEnteroTextoInvalidoLanzaExcepcion$0(IntegerServiceTest.java:14)
	at org.junit.jupiter.api.AssertThrows.assertThrows(AssertThrows.java:53)
	... 6 more
]]></failure>
  </testcase>
  <testcase name="esNumeroPrimoNumeroPrimoDevuelveTrue" classname="com.docencia.numeros.IntegerServiceTest" time="0.001">
    <error message="Unimplemented method &apos;esNumeroPrimo&apos;" type="java.lang.UnsupportedOperationException"><![CDATA[java.lang.UnsupportedOperationException: Unimplemented method 'esNumeroPrimo'
	at com.docencia.numeros.IntegerServiceImpl.esNumeroPrimo(IntegerServiceImpl.java:26)
	at com.docencia.numeros.IntegerServiceTest.esNumeroPrimoNumeroPrimoDevuelveTrue(IntegerServiceTest.java:15)
	at java.base/java.lang.reflect.Method.invoke(Method.java:583)
	at java.base/java.util.ArrayList.forEach(ArrayList.java:1612)
	at java.base/java.util.ArrayList.forEach(ArrayList.java:1612)
]]></error>
  </testcase>
  <testcase name="esNumeroPrimoNumeroNoPrimoDevuelveFalse" classname="com.docencia.numeros.IntegerServiceTest" time="0.002">
    <error message="Unimplemented method &apos;esNumeroPrimo&apos;" type="java.lang.UnsupportedOperationException"><![CDATA[java.lang.UnsupportedOperationException: Unimplemented method 'esNumeroPrimo'
	at com.docencia.numeros.IntegerServiceImpl.esNumeroPrimo(IntegerServiceImpl.java:26)
	at com.docencia.numeros.IntegerServiceTest.esNumeroPrimoNumeroNoPrimoDevuelveFalse(IntegerServiceTest.java:16)
	at java.base/java.lang.reflect.Method.invoke(Method.java:583)
	at java.base/java.util.ArrayList.forEach(ArrayList.java:1612)
	at java.base/java.util.ArrayList.forEach(ArrayList.java:1612)
]]></error>
  </testcase>
  <testcase name="calcularFactorialCeroDevuelveUno" classname="com.docencia.numeros.IntegerServiceTest" time="0.001">
    <error message="Unimplemented method &apos;calcularFactorial&apos;" type="java.lang.UnsupportedOperationException"><![CDATA[java.lang.UnsupportedOperationException: Unimplemented method 'calcularFactorial'
	at com.docencia.numeros.IntegerServiceImpl.calcularFactorial(IntegerServiceImpl.java:32)
	at com.docencia.numeros.IntegerServiceTest.calcularFactorialCeroDevuelveUno(IntegerServiceTest.java:17)
	at java.base/java.lang.reflect.Method.invoke(Method.java:583)
	at java.base/java.util.ArrayList.forEach(ArrayList.java:1612)
	at java.base/java.util.ArrayList.forEach(ArrayList.java:1612)
]]></error>
  </testcase>
  <testcase name="calcularFactorialNumeroNegativoLanzaExcepcion" classname="com.docencia.numeros.IntegerServiceTest" time="0.002">
    <failure message="Unexpected exception type thrown, expected: &lt;java.lang.IllegalArgumentException&gt; but was: &lt;java.lang.UnsupportedOperationException&gt;" type="org.opentest4j.AssertionFailedError"><![CDATA[org.opentest4j.AssertionFailedError: Unexpected exception type thrown, expected: <java.lang.IllegalArgumentException> but was: <java.lang.UnsupportedOperationException>
	at org.junit.jupiter.api.AssertionFailureBuilder.build(AssertionFailureBuilder.java:151)
	at org.junit.jupiter.api.AssertThrows.assertThrows(AssertThrows.java:67)
	at org.junit.jupiter.api.AssertThrows.assertThrows(AssertThrows.java:35)
	at org.junit.jupiter.api.Assertions.assertThrows(Assertions.java:3115)
	at com.docencia.numeros.IntegerServiceTest.calcularFactorialNumeroNegativoLanzaExcepcion(IntegerServiceTest.java:18)
	at java.base/java.lang.reflect.Method.invoke(Method.java:583)
	at java.base/java.util.ArrayList.forEach(ArrayList.java:1612)
	at java.base/java.util.ArrayList.forEach(ArrayList.java:1612)
Caused by: java.lang.UnsupportedOperationException: Unimplemented method 'calcularFactorial'
	at com.docencia.numeros.IntegerServiceImpl.calcularFactorial(IntegerServiceImpl.java:32)
	at com.docencia.numeros.IntegerServiceTest.lambda$calcularFactorialNumeroNegativoLanzaExcepcion$0(IntegerServiceTest.java:18)
	at org.junit.jupiter.api.AssertThrows.assertThrows(AssertThrows.java:53)
	... 6 more
]]></failure>
  </testcase>
</testsuite>