<?xml version="1.0" encoding="UTF-8"?>
<testsuite xmlns:xsi="http://www.w3.org/2001/XMLSchema-instance" xsi:noNamespaceSchemaLocation="https://maven.apache.org/surefire/maven-surefire-plugin/xsd/surefire-test-report-3.0.xsd" version="3.0" name="com.docencia.algoritmos.OrdenacionServiceTest" time="0.031" tests="7" errors="6" skipped="0" failures="1">
  <properties>
[...]
</properties>
  <testcase name="ordenarBurbujaAscendenteDatosValidosDevuelveListaOrdenada" classname="com.docencia.algoritmos.OrdenacionServiceTest" time="0.003">
    <error message="Unimplemented method &apos;ordenarBurbujaAscendente&apos;" type="java.lang.UnsupportedOperationException"><![CDATA[java.lang.UnsupportedOperationException: Unimplemented method 'ordenarBurbujaAscendente'
	at com.docencia.algoritmos.OrdenacionServiceImpl.ordenarBurbujaAscendente(OrdenacionServiceImpl.java:12)
	at com.docencia.algoritmos.OrdenacionServiceTest.ordenarBurbujaAscendenteDatosValidosDevuelveListaOrdenada(OrdenacionServiceTest.java:10)
	at java.base/java.lang.reflect.Method.invoke(Method.java:583)
	at java.base/java.util.ArrayList.forEach(ArrayList.java:1612)
	at java.base/java.util.ArrayList.forEach(ArrayList.java:1612)
]]></error>
  </testcase>
  <testcase name="ordenarBurbujaAscendenteListaNullLanzaExcepcion" classname="com.docencia.algoritmos.OrdenacionServiceTest" time="0.003">
    <failure message="Unexpected exception type thrown, expected: &lt;java.lang.IllegalArgumentException&gt; but was: &lt;java.lang.UnsupportedOperationException&gt;" type="org.opentest4j.AssertionFailedError"><![CDATA[org.opentest4j.AssertionFailedError: Unexpected exception type thrown, expected: <java.lang.IllegalArgumentException> but was: <java.lang.UnsupportedOperationException>
	at org.junit.jupiter.api.AssertionFailureBuilder.build(AssertionFailureBuilder.java:151)
	at org.junit.jupiter.api.AssertThrows.assertThrows(AssertThrows.java:67)
	at org.junit.jupiter.api.AssertThrows.assertThrows(AssertThrows.java:35)
	at org.junit.jupiter.api.Assertions.assertThrows(Assertions.java:3115)
	at com.docencia.algoritmos.OrdenacionServiceTest.ordenarBurbujaAscendenteListaNullLanzaExcepcion(OrdenacionServiceTest.java:11)
	at java.base/java.lang.reflect.Method.invoke(Method.java:583)
	at java.base/java.util.ArrayList.forEach(ArrayList.java:1612)
	at java.base/java.util.ArrayList.forEach(ArrayList.java:1612)
Caused by: java.lang.UnsupportedOperationException: Unimplemented method 'ordenarBurbujaAscendente'
	at com.docencia.algoritmos.OrdenacionServiceImpl.ordenarBurbujaAscendente(OrdenacionServiceImpl.java:12)
	at com.docencia.algoritmos.OrdenacionServiceTest.lambda$ordenarBurbujaAscendenteListaNullLanzaExcepcion$0(OrdenacionServiceTest.java:11)
	at org.junit.jupiter.api.AssertThrows.assertThrows(AssertThrows.java:53)
	... 6 more
]]></failure>
  </testcase>
  <testcase name="ordenarBurbujaDescendenteDatosValidosDevuelveListaOrdenada" classname="com.docencia.algoritmos.OrdenacionServiceTest" time="0.004">
    <error message="Unimplemented method &apos;ordenarBurbujaDescendente&apos;" type="java.lang.UnsupportedOperationException"><![CDATA[java.lang.UnsupportedOperationException: Unimplemented method 'ordenarBurbujaDescendente'
	at com.docencia.algoritmos.OrdenacionServiceImpl.ordenarBurbujaDescendente(OrdenacionServiceImpl.java:18)
	at com.docencia.algoritmos.OrdenacionServiceTest.ordenarBurbujaDescendenteDatosValidosDevuelveListaOrdenada(OrdenacionServiceTest.java:12)
	at java.base/java.lang.reflect.Method.invoke(Method.java:583)
	at java.base/java.util.ArrayList.forEach(ArrayList.java:1612)
	at java.base/java.util.ArrayList.forEach(ArrayList.java:1612)
]]></error>
  </testcase>
  <testcase name="ordenarPalabrasAlfabeticamenteDatosValidosDevuelveListaOrdenada" classname="com.docencia.algoritmos.OrdenacionServiceTest" time="0.001">
    <error message="Unimplemented method &apos;ordenarPalabrasAlfabeticamente&apos;" type="java.lang.UnsupportedOperationException"><![CDATA[java.lang.UnsupportedOperationException: Unimplemented method 'ordenarPalabrasAlfabeticamente'
	at com.docencia.algoritmos.OrdenacionServiceImpl.ordenarPalabrasAlfabeticamente(OrdenacionServiceImpl.java:24)
	at com.docencia.algoritmos.OrdenacionServiceTest.ordenarPalabrasAlfabeticamenteDatosValidosDevuelveListaOrdenada(OrdenacionServiceTest.java:13)
	at java.base/java.lang.reflect.Method.invoke(Method.java:583)
	at java.base/java.util.ArrayList.forEach(ArrayList.java:1612)
	at java.base/java.util.ArrayList.forEach(ArrayList.java:1612)
]]></error>
  </testcase>
  <testcase name="invertirListaDatosValidosDevuelveListaInvertida" classname="com.docencia.algoritmos.OrdenacionServiceTest" time="0.001">
    <error message="Unimplemented method &apos;invertirLista&apos;" type="java.lang.UnsupportedOperationException"><![CDATA[java.lang.UnsupportedOperationException: Unimplemented method 'invertirLista'
	at com.docencia.algoritmos.OrdenacionServiceImpl.invertirLista(OrdenacionServiceImpl.java:30)
	at com.docencia.algoritmos.OrdenacionServiceTest.invertirListaDatosValidosDevuelveListaInvertida(OrdenacionServiceTest.java:14)
	at java.base/java.lang.reflect.Method.invoke(Method.java:583)
	at java.base/java.util.ArrayList.forEach(ArrayList.java:1612)
	at java.base/java.util.ArrayList.forEach(ArrayList.java:1612)
]]></error>
  </testcase>
  <testcase name="estaOrdenadaAscendenteListaOrdenadaDevuelveTrue" classname="com.docencia.algoritmos.OrdenacionServiceTest" time="0.001">
    <error message="Unimplemented method &apos;estaOrdenadaAscendente&apos;" type="java.lang.UnsupportedOperationException"><![CDATA[java.lang.UnsupportedOperationException: Unimplemented method 'estaOrdenadaAscendente'
	at com.docencia.algoritmos.OrdenacionServiceImpl.estaOrdenadaAscendente(OrdenacionServiceImpl.java:36)
	at com.docencia.algoritmos.OrdenacionServiceTest.estaOrdenadaAscendenteListaOrdenadaDevuelveTrue(OrdenacionServiceTest.java:15)
	at java.base/java.lang.reflect.Method.invoke(Method.java:583)
	at java.base/java.util.ArrayList.forEach(ArrayList.java:1612)
	at java.base/java.util.ArrayList.forEach(ArrayList.java:1612)
]]></error>
  </testcase>
  <testcase name="estaOrdenadaAscendenteListaDesordenadaDevuelveFalse" classname="com.docencia.algoritmos.OrdenacionServiceTest" time="0.002">
    <error message="Unimplemented method &apos;estaOrdenadaAscendente&apos;" type="java.lang.UnsupportedOperationException"><![CDATA[java.lang.UnsupportedOperationException: Unimplemented method 'estaOrdenadaAscendente'
	at com.docencia.algoritmos.OrdenacionServiceImpl.estaOrdenadaAscendente(OrdenacionServiceImpl.java:36)
	at com.docencia.algoritmos.OrdenacionServiceTest.estaOrdenadaAscendenteListaDesordenadaDevuelveFalse(OrdenacionServiceTest.java:16)
	at java.base/java.lang.reflect.Method.invoke(Method.java:583)
	at java.base/java.util.ArrayList.forEach(ArrayList.java:1612)
	at java.base/java.util.ArrayList.forEach(ArrayList.java:1612)
]]></error>
  </testcase>
</testsuite>