<?xml version="1.0" encoding="UTF-8"?>
<testsuite xmlns:xsi="http://www.w3.org/2001/XMLSchema-instance" xsi:noNamespaceSchemaLocation="https://maven.apache.org/surefire/maven-surefire-plugin/xsd/surefire-test-report-3.0.xsd" version="3.0" name="com.docencia.algoritmos.BusquedaServiceTest" time="0.519" tests="8" errors="6" skipped="0" failures="2">
  <properties>
[...]
</properties>
  <testcase name="buscarIndiceElementoExistenteDevuelveIndice" classname="com.docencia.algoritmos.BusquedaServiceTest" time="0.187">
    <error message="Unimplemented method &apos;buscarIndiceElemento&apos;" type="java.lang.UnsupportedOperationException"><![CDATA[java.lang.UnsupportedOperationException: Unimplemented method 'buscarIndiceElemento'
	at com.docencia.algoritmos.BusquedaServiceImpl.buscarIndiceElemento(BusquedaServiceImpl.java:11)
	at com.docencia.algoritmos.BusquedaServiceTest.buscarIndiceElementoExistenteDevuelveIndice(BusquedaServiceTest.java:10)
	at java.base/java.lang.reflect.Method.invoke(Method.java:583)
	at java.base/java.util.ArrayList.forEach(ArrayList.java:1612)
	at java.base/java.util.ArrayList.forEach(ArrayList.java:1612)
]]></error>
  </testcase>
  <testcase name="buscarIndiceElementoInexistenteDevuelveMenosUno" classname="com.docencia.algoritmos.BusquedaServiceTest" time="0.01">
    <error message="Unimplemented method &apos;buscarIndiceElemento&apos;" type="java.lang.UnsupportedOperationException"><![CDATA[java.lang.UnsupportedOperationException: Unimplemented method 'buscarIndiceElemento'
	at com.docencia.algoritmos.BusquedaServiceImpl.buscarIndiceElemento(BusquedaServiceImpl.java:11)
	at com.docencia.algoritmos.BusquedaServiceTest.buscarIndiceElementoInexistenteDevuelveMenosUno(BusquedaServiceTest.java:11)
	at java.base/java.lang.reflect.Method.invoke(Method.java:583)
	at java.base/java.util.ArrayList.forEach(ArrayList.java:1612)
	at java.base/java.util.ArrayList.forEach(ArrayList.java:1612)
]]></error>
  </testcase>
  <testcase name="buscarIndiceElementoListaNullLanzaExcepcion" classname="com.docencia.algoritmos.BusquedaServiceTest" time="0.053">
    <failure message="Unexpected exception type thrown, expected: &lt;java.lang.IllegalArgumentException&gt; but was: &lt;java.lang.UnsupportedOperationException&gt;" type="org.opentest4j.AssertionFailedError"><![CDATA[org.opentest4j.AssertionFailedError: Unexpected exception type thrown, expected: <java.lang.IllegalArgumentException> but was: <java.lang.UnsupportedOperationException>
	at org.junit.jupiter.api.AssertionFailureBuilder.build(AssertionFailureBuilder.java:151)
	at org.junit.jupiter.api.AssertThrows.assertThrows(AssertThrows.java:67)
	at org.junit.jupiter.api.AssertThrows.assertThrows(AssertThrows.java:35)
	at org.junit.jupiter.api.Assertions.assertThrows(Assertions.java:3115)
	at com.docencia.algoritmos.BusquedaServiceTest.buscarIndiceElementoListaNullLanzaExcepcion(BusquedaServiceTest.java:12)
	at java.base/java.lang.reflect.Method.invoke(Method.java:583)
	at java.base/java.util.ArrayList.forEach(ArrayList.java:1612)
	at java.base/java.util.ArrayList.forEach(ArrayList.java:1612)
Caused by: java.lang.UnsupportedOperationException: Unimplemented method 'buscarIndiceElemento'
	at com.docencia.algoritmos.BusquedaServiceImpl.buscarIndiceElemento(BusquedaServiceImpl.java:11)
	at com.docencia.algoritmos.BusquedaServiceTest.lambda$buscarIndiceElementoListaNullLanzaExcepcion$0(BusquedaServiceTest.java:12)
	at org.junit.jupiter.api.AssertThrows.assertThrows(AssertThrows.java:53)
	... 6 more
]]></failure>
  </testcase>
  <testcase name="existePalabraIgnorandoMayusculasDevuelveTrue" classname="com.docencia.algoritmos.BusquedaServiceTest" time="0.003">
    <error message="Unimplemented method &apos;existePalabra&apos;" type="java.lang.UnsupportedOperationException"><![CDATA[java.lang.UnsupportedOperationException: Unimplemented method 'existePalabra'
	at com.docencia.algoritmos.BusquedaServiceImpl.existePalabra(BusquedaServiceImpl.java:17)
	at com.docencia.algoritmos.BusquedaServiceTest.existePalabraIgnorandoMayusculasDevuelveTrue(BusquedaServiceTest.java:13)
	at java.base/java.lang.reflect.Method.invoke(Method.java:583)
	at java.base/java.util.ArrayList.forEach(ArrayList.java:1612)
	at java.base/java.util.ArrayList.forEach(ArrayList.java:1612)
]]></error>
  </testcase>
  <testcase name="encontrarMaximoDatosValidosDevuelveMaximo" classname="com.docencia.algoritmos.BusquedaServiceTest" time="0.004">
    <error message="Unimplemented method &apos;encontrarMaximo&apos;" type="java.lang.UnsupportedOperationException"><![CDATA[java.lang.UnsupportedOperationException: Unimplemented method 'encontrarMaximo'
	at com.docencia.algoritmos.BusquedaServiceImpl.encontrarMaximo(BusquedaServiceImpl.java:23)
	at com.docencia.algoritmos.BusquedaServiceTest.encontrarMaximoDatosValidosDevuelveMaximo(BusquedaServiceTest.java:14)
	at java.base/java.lang.reflect.Method.invoke(Method.java:583)
	at java.base/java.util.ArrayList.forEach(ArrayList.java:1612)
	at java.base/java.util.ArrayList.forEach(ArrayList.java:1612)
]]></error>
  </testcase>
  <testcase name="encontrarMaximoListaVaciaLanzaExcepcion" classname="com.docencia.algoritmos.BusquedaServiceTest" time="0.005">
    <failure message="Unexpected exception type thrown, expected: &lt;java.lang.IllegalArgumentException&gt; but was: &lt;java.lang.UnsupportedOperationException&gt;" type="org.opentest4j.AssertionFailedError"><![CDATA[org.opentest4j.AssertionFailedError: Unexpected exception type thrown, expected: <java.lang.IllegalArgumentException> but was: <java.lang.UnsupportedOperationException>
	at org.junit.jupiter.api.AssertionFailureBuilder.build(AssertionFailureBuilder.java:151)
	at org.junit.jupiter.api.AssertThrows.assertThrows(AssertThrows.java:67)
	at org.junit.jupiter.api.AssertThrows.assertThrows(AssertThrows.java:35)
	at org.junit.jupiter.api.Assertions.assertThrows(Assertions.java:3115)
	at com.docencia.algoritmos.BusquedaServiceTest.encontrarMaximoListaVaciaLanzaExcepcion(BusquedaServiceTest.java:15)
	at java.base/java.lang.reflect.Method.invoke(Method.java:583)
	at java.base/java.util.ArrayList.forEach(ArrayList.java:1612)
	at java.base/java.util.ArrayList.forEach(ArrayList.java:1612)
Caused by: java.lang.UnsupportedOperationException: Unimplemented method 'encontrarMaximo'
	at com.docencia.algoritmos.BusquedaServiceImpl.encontrarMaximo(BusquedaServiceImpl.java:23)
	at com.docencia.algoritmos.BusquedaServiceTest.lambda$encontrarMaximoListaVaciaLanzaExcepcion$0(BusquedaServiceTest.java:15)
	at org.junit.jupiter.api.AssertThrows.assertThrows(AssertThrows.java:53)
	... 6 more
]]></failure>
  </testcase>
  <testcase name="encontrarMinimoDatosValidosDevuelveMinimo" classname="com.docencia.algoritmos.BusquedaServiceTest" time="0.003">
    <error message="Unimplemented method &apos;encontrarMinimo&apos;" type="java.lang.UnsupportedOperationException"><![CDATA[java.lang.UnsupportedOperationException: Unimplemented method 'encontrarMinimo'
	at com.docencia.algoritmos.BusquedaServiceImpl.encontrarMinimo(BusquedaServiceImpl.java:29)
	at com.docencia.algoritmos.BusquedaServiceTest.encontrarMinimoDatosValidosDevuelveMinimo(BusquedaServiceTest.java:16)
	at java.base/java.lang.reflect.Method.invoke(Method.java:583)
	at java.base/java.util.ArrayList.forEach(ArrayList.java:1612)
	at java.base/java.util.ArrayList.forEach(ArrayList.java:1612)
]]></error>
  </testcase>
  <testcase name="contarAparicionesValorExistenteDevuelveCantidad" classname="com.docencia.algoritmos.BusquedaServiceTest" time="0.002">
    <error message="Unimplemented method &apos;contarApariciones&apos;" type="java.lang.UnsupportedOperationException"><![CDATA[java.lang.UnsupportedOperationException: Unimplemented method 'contarApariciones'
	at com.docencia.algoritmos.BusquedaServiceImpl.contarApariciones(BusquedaServiceImpl.java:35)
	at com.docencia.algoritmos.BusquedaServiceTest.contarAparicionesValorExistenteDevuelveCantidad(BusquedaServiceTest.java:17)
	at java.base/java.lang.reflect.Method.invoke(Method.java:583)
	at java.base/java.util.ArrayList.forEach(ArrayList.java:1612)
	at java.base/java.util.ArrayList.forEach(ArrayList.java:1612)
]]></error>
  </testcase>
</testsuite>