<?xml version="1.0" encoding="UTF-8"?>
<testsuite xmlns:xsi="http://www.w3.org/2001/XMLSchema-instance" xsi:noNamespaceSchemaLocation="https://maven.apache.org/surefire/maven-surefire-plugin/xsd/surefire-test-report-3.0.xsd" version="3.0" name="com.docencia.regex.RegexServiceTest" time="0.068" tests="11" errors="11" skipped="0" failures="0">
  <properties>
[...]
</properties>
  <testcase name="validarDniFormatoValidoDevuelveTrue" classname="com.docencia.regex.RegexServiceTest" time="0.002">
    <error message="Unimplemented method &apos;validarDni&apos;" type="java.lang.UnsupportedOperationException"><![CDATA[java.lang.UnsupportedOperationException: Unimplemented method 'validarDni'
	at com.docencia.regex.RegexServiceImpl.validarDni(RegexServiceImpl.java:8)
	at com.docencia.regex.RegexServiceTest.validarDniFormatoValidoDevuelveTrue(RegexServiceTest.java:9)
	at java.base/java.lang.reflect.Method.invoke(Method.java:583)
	at java.base/java.util.ArrayList.forEach(ArrayList.java:1612)
	at java.base/java.util.ArrayList.forEach(ArrayList.java:1612)
]]></error>
  </testcase>
  <testcase name="validarDniFormatoInvalidoDevuelveFalse" classname="com.docencia.regex.RegexServiceTest" time="0.001">
    <error message="Unimplemented method &apos;validarDni&apos;" type="java.lang.UnsupportedOperationException"><![CDATA[java.lang.UnsupportedOperationException: Unimplemented method 'validarDni'
	at com.docencia.regex.RegexServiceImpl.validarDni(RegexServiceImpl.java:8)
	at com.docencia.regex.RegexServiceTest.validarDniFormatoInvalidoDevuelveFalse(RegexServiceTest.java:10)
	at java.base/java.lang.reflect.Method.invoke(Method.java:583)
	at java.base/java.util.ArrayList.forEach(ArrayList.java:1612)
	at java.base/java.util.ArrayList.forEach(ArrayList.java:1612)
]]></error>
  </testcase>
  <testcase name="validarDniTextoNullDevuelveFalse" classname="com.docencia.regex.RegexServiceTest" time="0.001">
    <error message="Unimplemented method &apos;validarDni&apos;" type="java.lang.UnsupportedOperationException"><![CDATA[java.lang.UnsupportedOperationException: Unimplemented method 'validarDni'
	at com.docencia.regex.RegexServiceImpl.validarDni(RegexServiceImpl.java:8)
	at com.docencia.regex.RegexServiceTest.validarDniTextoNullDevuelveFalse(RegexServiceTest.java:11)
	at java.base/java.lang.reflect.Method.invoke(Method.java:583)
	at java.base/java.util.ArrayList.forEach(ArrayList.java:1612)
	at java.base/java.util.ArrayList.forEach(ArrayList.java:1612)
]]></error>
  </testcase>
  <testcase name="validarEmailFormatoValidoDevuelveTrue" classname="com.docencia.regex.RegexServiceTest" time="0.001">
    <error message="Unimplemented method &apos;validarEmail&apos;" type="java.lang.UnsupportedOperationException"><![CDATA[java.lang.UnsupportedOperationException: Unimplemented method 'validarEmail'
	at com.docencia.regex.RegexServiceImpl.validarEmail(RegexServiceImpl.java:14)
	at com.docencia.regex.RegexServiceTest.validarEmailFormatoValidoDevuelveTrue(RegexServiceTest.java:12)
	at java.base/java.lang.reflect.Method.invoke(Method.java:583)
	at java.base/java.util.ArrayList.forEach(ArrayList.java:1612)
	at java.base/java.util.ArrayList.forEach(ArrayList.java:1612)
]]></error>
  </testcase>
  <testcase name="validarEmailFormatoInvalidoDevuelveFalse" classname="com.docencia.regex.RegexServiceTest" time="0.002">
    <error message="Unimplemented method &apos;validarEmail&apos;" type="java.lang.UnsupportedOperationException"><![CDATA[java.lang.UnsupportedOperationException: Unimplemented method 'validarEmail'
	at com.docencia.regex.RegexServiceImpl.validarEmail(RegexServiceImpl.java:14)
	at com.docencia.regex.RegexServiceTest.validarEmailFormatoInvalidoDevuelveFalse(RegexServiceTest.java:13)
	at java.base/java.lang.reflect.Method.invoke(Method.java:583)
	at java.base/java.util.ArrayList.forEach(ArrayList.java:1612)
	at java.base/java.util.ArrayList.forEach(ArrayList.java:1612)
]]></error>
  </testcase>
  <testcase name="validarTelefonoFormatoValidoDevuelveTrue" classname="com.docencia.regex.RegexServiceTest" time="0.001">
    <error message="Unimplemented method &apos;validarTelefono&apos;" type="java.lang.UnsupportedOperationException"><![CDATA[java.lang.UnsupportedOperationException: Unimplemented method 'validarTelefono'
	at com.docencia.regex.RegexServiceImpl.validarTelefono(RegexServiceImpl.java:20)
	at com.docencia.regex.RegexServiceTest.validarTelefonoFormatoValidoDevuelveTrue(RegexServiceTest.java:14)
	at java.base/java.lang.reflect.Method.invoke(Method.java:583)
	at java.base/java.util.ArrayList.forEach(ArrayList.java:1612)
	at java.base/java.util.ArrayList.forEach(ArrayList.java:1612)
]]></error>
  </testcase>
  <testcase name="validarTelefonoFormatoInvalidoDevuelveFalse" classname="com.docencia.regex.RegexServiceTest" time="0.002">
    <error message="Unimplemented method &apos;validarTelefono&apos;" type="java.lang.UnsupportedOperationException"><![CDATA[java.lang.UnsupportedOperationException: Unimplemented method 'validarTelefono'
	at com.docencia.regex.RegexServiceImpl.validarTelefono(RegexServiceImpl.java:20)
	at com.docencia.regex.RegexServiceTest.validarTelefonoFormatoInvalidoDevuelveFalse(RegexServiceTest.java:15)
	at java.base/java.lang.reflect.Method.invoke(Method.java:583)
	at java.base/java.util.ArrayList.forEach(ArrayList.java:1612)
	at java.base/java.util.ArrayList.forEach(ArrayList.java:1612)
]]></error>
  </testcase>
  <testcase name="validarNombreFormatoValidoDevuelveTrue" classname="com.docencia.regex.RegexServiceTest" time="0.002">
    <error message="Unimplemented method &apos;validarNombre&apos;" type="java.lang.UnsupportedOperationException"><![CDATA[java.lang.UnsupportedOperationException: Unimplemented method 'validarNombre'
	at com.docencia.regex.RegexServiceImpl.validarNombre(RegexServiceImpl.java:26)
	at com.docencia.regex.RegexServiceTest.validarNombreFormatoValidoDevuelveTrue(RegexServiceTest.java:16)
	at java.base/java.lang.reflect.Method.invoke(Method.java:583)
	at java.base/java.util.ArrayList.forEach(ArrayList.java:1612)
	at java.base/java.util.ArrayList.forEach(ArrayList.java:1612)
]]></error>
  </testcase>
  <testcase name="validarNombreMuyCortoDevuelveFalse" classname="com.docencia.regex.RegexServiceTest" time="0.002">
    <error message="Unimplemented method &apos;validarNombre&apos;" type="java.lang.UnsupportedOperationException"><![CDATA[java.lang.UnsupportedOperationException: Unimplemented method 'validarNombre'
	at com.docencia.regex.RegexServiceImpl.validarNombre(RegexServiceImpl.java:26)
	at com.docencia.regex.RegexServiceTest.validarNombreMuyCortoDevuelveFalse(RegexServiceTest.java:17)
	at java.base/java.lang.reflect.Method.invoke(Method.java:583)
	at java.base/java.util.ArrayList.forEach(ArrayList.java:1612)
	at java.base/java.util.ArrayList.forEach(ArrayList.java:1612)
]]></error>
  </testcase>
  <testcase name="validarCodigoPostalFormatoValidoDevuelveTrue" classname="com.docencia.regex.RegexServiceTest" time="0.002">
    <error message="Unimplemented method &apos;validarCodigoPostal&apos;" type="java.lang.UnsupportedOperationException"><![CDATA[java.lang.UnsupportedOperationException: Unimplemented method 'validarCodigoPostal'
	at com.docencia.regex.RegexServiceImpl.validarCodigoPostal(RegexServiceImpl.java:32)
	at com.docencia.regex.RegexServiceTest.validarCodigoPostalFormatoValidoDevuelveTrue(RegexServiceTest.java:18)
	at java.base/java.lang.reflect.Method.invoke(Method.java:583)
	at java.base/java.util.ArrayList.forEach(ArrayList.java:1612)
	at java.base/java.util.ArrayList.forEach(ArrayList.java:1612)
]]></error>
  </testcase>
  <testcase name="validarMatriculaFormatoValidoDevuelveTrue" classname="com.docencia.regex.RegexServiceTest" time="0.002">
    <error message="Unimplemented method &apos;validarMatricula&apos;" type="java.lang.UnsupportedOperationException"><![CDATA[java.lang.UnsupportedOperationException: Unimplemented method 'validarMatricula'
	at com.docencia.regex.RegexServiceImpl.validarMatricula(RegexServiceImpl.java:38)
	at com.docencia.regex.RegexServiceTest.validarMatriculaFormatoValidoDevuelveTrue(RegexServiceTest.java:19)
	at java.base/java.lang.reflect.Method.invoke(Method.java:583)
	at java.base/java.util.ArrayList.forEach(ArrayList.java:1612)
	at java.base/java.util.ArrayList.forEach(ArrayList.java:1612)
]]></error>
  </testcase>
</testsuite>