<?xml version="1.0" encoding="UTF-8"?>
<testsuite xmlns:xsi="http://www.w3.org/2001/XMLSchema-instance" xsi:noNamespaceSchemaLocation="https://maven.apache.org/surefire/maven-surefire-plugin/xsd/surefire-test-report-3.0.xsd" version="3.0" name="com.docencia.sqlite.ClienteDbServiceTest" time="1.184" tests="8" errors="8" skipped="0" failures="0">
  <properties>
[...]
</properties>
  <testcase name="findAllSinDatosDevuelveListaVacia" classname="com.docencia.sqlite.ClienteDbServiceTest" time="0.973">
    <error message="Unimplemented method &apos;findAll&apos;" type="java.lang.UnsupportedOperationException"><![CDATA[java.lang.UnsupportedOperationException: Unimplemented method 'findAll'
	at com.docencia.sqlite.ClienteDbServiceImpl.findAll(ClienteDbServiceImpl.java:27)
	at com.docencia.sqlite.ClienteDbServiceTest.findAllSinDatosDevuelveListaVacia(ClienteDbServiceTest.java:17)
	at java.base/java.lang.reflect.Method.invoke(Method.java:583)
	at java.base/java.util.ArrayList.forEach(ArrayList.java:1612)
	at java.base/java.util.ArrayList.forEach(ArrayList.java:1612)
]]></error>
    <system-err><![CDATA[SLF4J: Failed to load class "org.slf4j.impl.StaticLoggerBinder".
SLF4J: Defaulting to no-operation (NOP) logger implementation
SLF4J: See http://www.slf4j.org/codes.html#StaticLoggerBinder for further details.
]]></system-err>
  </testcase>
  <testcase name="findByDniInexistenteDevuelveNull" classname="com.docencia.sqlite.ClienteDbServiceTest" time="0.024">
    <error message="Unimplemented method &apos;findByDni&apos;" type="java.lang.UnsupportedOperationException"><![CDATA[java.lang.UnsupportedOperationException: Unimplemented method 'findByDni'
	at com.docencia.sqlite.ClienteDbServiceImpl.findByDni(ClienteDbServiceImpl.java:21)
	at com.docencia.sqlite.ClienteDbServiceTest.findByDniInexistenteDevuelveNull(ClienteDbServiceTest.java:18)
	at java.base/java.lang.reflect.Method.invoke(Method.java:583)
	at java.base/java.util.ArrayList.forEach(ArrayList.java:1612)
	at java.base/java.util.ArrayList.forEach(ArrayList.java:1612)
]]></error>
  </testcase>
  <testcase name="createClienteValidoDevuelveTrue" classname="com.docencia.sqlite.ClienteDbServiceTest" time="0.054">
    <error message="Unimplemented method &apos;create&apos;" type="java.lang.UnsupportedOperationException"><![CDATA[java.lang.UnsupportedOperationException: Unimplemented method 'create'
	at com.docencia.sqlite.ClienteDbServiceImpl.create(ClienteDbServiceImpl.java:15)
	at com.docencia.sqlite.ClienteDbServiceTest.createClienteValidoDevuelveTrue(ClienteDbServiceTest.java:19)
	at java.base/java.lang.reflect.Method.invoke(Method.java:583)
	at java.base/java.util.ArrayList.forEach(ArrayList.java:1612)
	at java.base/java.util.ArrayList.forEach(ArrayList.java:1612)
]]></error>
  </testcase>
  <testcase name="createClienteDuplicadoDevuelveFalse" classname="com.docencia.sqlite.ClienteDbServiceTest" time="0.027">
    <error message="Unimplemented method &apos;create&apos;" type="java.lang.UnsupportedOperationException"><![CDATA[java.lang.UnsupportedOperationException: Unimplemented method 'create'
	at com.docencia.sqlite.ClienteDbServiceImpl.create(ClienteDbServiceImpl.java:15)
	at com.docencia.sqlite.ClienteDbServiceTest.createClienteDuplicadoDevuelveFalse(ClienteDbServiceTest.java:22)
	at java.base/java.lang.reflect.Method.invoke(Method.java:583)
	at java.base/java.util.ArrayList.forEach(ArrayList.java:1612)
	at java.base/java.util.ArrayList.forEach(ArrayList.java:1612)
]]></error>
  </testcase>
  <testcase name="findByDniExistenteDevuelveCliente" classname="com.docencia.sqlite.ClienteDbServiceTest" time="0.021">
    <error message="Unimplemented method &apos;create&apos;" type="java.lang.UnsupportedOperationException"><![CDATA[java.lang.UnsupportedOperationException: Unimplemented method 'create'
	at com.docencia.sqlite.ClienteDbServiceImpl.create(ClienteDbServiceImpl.java:15)
	at com.docencia.sqlite.ClienteDbServiceTest.findByDniExistenteDevuelveCliente(ClienteDbServiceTest.java:26)
	at java.base/java.lang.reflect.Method.invoke(Method.java:583)
	at java.base/java.util.ArrayList.forEach(ArrayList.java:1612)
	at java.base/java.util.ArrayList.forEach(ArrayList.java:1612)
]]></error>
  </testcase>
  <testcase name="updateClienteExistenteDevuelveTrue" classname="com.docencia.sqlite.ClienteDbServiceTest" time="0.022">
    <error message="Unimplemented method &apos;create&apos;" type="java.lang.UnsupportedOperationException"><![CDATA[java.lang.UnsupportedOperationException: Unimplemented method 'create'
	at com.docencia.sqlite.ClienteDbServiceImpl.create(ClienteDbServiceImpl.java:15)
	at com.docencia.sqlite.ClienteDbServiceTest.updateClienteExistenteDevuelveTrue(ClienteDbServiceTest.java:30)
	at java.base/java.lang.reflect.Method.invoke(Method.java:583)
	at java.base/java.util.ArrayList.forEach(ArrayList.java:1612)
	at java.base/java.util.ArrayList.forEach(ArrayList.java:1612)
]]></error>
  </testcase>
  <testcase name="deleteByDniExistenteDevuelveTrue" classname="com.docencia.sqlite.ClienteDbServiceTest" time="0.024">
    <error message="Unimplemented method &apos;create&apos;" type="java.lang.UnsupportedOperationException"><![CDATA[java.lang.UnsupportedOperationException: Unimplemented method 'create'
	at com.docencia.sqlite.ClienteDbServiceImpl.create(ClienteDbServiceImpl.java:15)
	at com.docencia.sqlite.ClienteDbServiceTest.deleteByDniExistenteDevuelveTrue(ClienteDbServiceTest.java:34)
	at java.base/java.lang.reflect.Method.invoke(Method.java:583)
	at java.base/java.util.ArrayList.forEach(ArrayList.java:1612)
	at java.base/java.util.ArrayList.forEach(ArrayList.java:1612)
]]></error>
  </testcase>
  <testcase name="findByCiudadExistenteDevuelveClientes" classname="com.docencia.sqlite.ClienteDbServiceTest" time="0.023">
    <error message="Unimplemented method &apos;create&apos;" type="java.lang.UnsupportedOperationException"><![CDATA[java.lang.UnsupportedOperationException: Unimplemented method 'create'
	at com.docencia.sqlite.ClienteDbServiceImpl.create(ClienteDbServiceImpl.java:15)
	at com.docencia.sqlite.ClienteDbServiceTest.findByCiudadExistenteDevuelveClientes(ClienteDbServiceTest.java:38)
	at java.base/java.lang.reflect.Method.invoke(Method.java:583)
	at java.base/java.util.ArrayList.forEach(ArrayList.java:1612)
	at java.base/java.util.ArrayList.forEach(ArrayList.java:1612)
]]></error>
  </testcase>
</testsuite>