<?xml version="1.0" encoding="UTF-8"?>
<testsuite xmlns:xsi="http://www.w3.org/2001/XMLSchema-instance" xsi:noNamespaceSchemaLocation="https://maven.apache.org/surefire/maven-surefire-plugin/xsd/surefire-test-report-3.0.xsd" version="3.0" name="com.docencia.condicionales.IfElseServiceTest" time="0.07" tests="8" errors="5" skipped="0" failures="0">
  <properties>
[...]
</properties>
  <testcase name="clasificarEdadMenorDevuelveMenor" classname="com.docencia.condicionales.IfElseServiceTest" time="0.008"/>
  <testcase name="clasificarEdadAdultoDevuelveAdulto" classname="com.docencia.condicionales.IfElseServiceTest" time="0.003"/>
  <testcase name="clasificarEdadEdadInvalidaLanzaExcepcion" classname="com.docencia.condicionales.IfElseServiceTest" time="0.004"/>
  <testcase name="evaluarNotaAprobadoDevuelveAprobado" classname="com.docencia.condicionales.IfElseServiceTest" time="0.003">
    <error message="Unimplemented method &apos;evaluarNota&apos;" type="java.lang.UnsupportedOperationException"><![CDATA[java.lang.UnsupportedOperationException: Unimplemented method 'evaluarNota'
	at com.docencia.condicionales.IfElseServiceImpl.evaluarNota(IfElseServiceImpl.java:19)
	at com.docencia.condicionales.IfElseServiceTest.evaluarNotaAprobadoDevuelveAprobado(IfElseServiceTest.java:12)
	at java.base/java.lang.reflect.Method.invoke(Method.java:583)
	at java.base/java.util.ArrayList.forEach(ArrayList.java:1612)
	at java.base/java.util.ArrayList.forEach(ArrayList.java:1612)
]]></error>
  </testcase>
  <testcase name="evaluarNotaSuspensoDevuelveSuspenso" classname="com.docencia.condicionales.IfElseServiceTest" time="0.003">
    <error message="Unimplemented method &apos;evaluarNota&apos;" type="java.lang.UnsupportedOperationException"><![CDATA[java.lang.UnsupportedOperationException: Unimplemented method 'evaluarNota'
	at com.docencia.condicionales.IfElseServiceImpl.evaluarNota(IfElseServiceImpl.java:19)
	at com.docencia.condicionales.IfElseServiceTest.evaluarNotaSuspensoDevuelveSuspenso(IfElseServiceTest.java:13)
	at java.base/java.lang.reflect.Method.invoke(Method.java:583)
	at java.base/java.util.ArrayList.forEach(ArrayList.java:1612)
	at java.base/java.util.ArrayList.forEach(ArrayList.java:1612)
]]></error>
  </testcase>
  <testcase name="puedeAccederActivoYMayorDevuelveTrue" classname="com.docencia.condicionales.IfElseServiceTest" time="0.002">
    <error message="Unimplemented method &apos;puedeAcceder&apos;" type="java.lang.UnsupportedOperationException"><![CDATA[java.lang.UnsupportedOperationException: Unimplemented method 'puedeAcceder'
	at com.docencia.condicionales.IfElseServiceImpl.puedeAcceder(IfElseServiceImpl.java:25)
	at com.docencia.condicionales.IfElseServiceTest.puedeAccederActivoYMayorDevuelveTrue(IfElseServiceTest.java:14)
	at java.base/java.lang.reflect.Method.invoke(Method.java:583)
	at java.base/java.util.ArrayList.forEach(ArrayList.java:1612)
	at java.base/java.util.ArrayList.forEach(ArrayList.java:1612)
]]></error>
  </testcase>
  <testcase name="clasificarTemperaturaCalorDevuelveCalor" classname="com.docencia.condicionales.IfElseServiceTest" time="0.002">
    <error message="Unimplemented method &apos;clasificarTemperatura&apos;" type="java.lang.UnsupportedOperationException"><![CDATA[java.lang.UnsupportedOperationException: Unimplemented method 'clasificarTemperatura'
	at com.docencia.condicionales.IfElseServiceImpl.clasificarTemperatura(IfElseServiceImpl.java:31)
	at com.docencia.condicionales.IfElseServiceTest.clasificarTemperaturaCalorDevuelveCalor(IfElseServiceTest.java:15)
	at java.base/java.lang.reflect.Method.invoke(Method.java:583)
	at java.base/java.util.ArrayList.forEach(ArrayList.java:1612)
	at java.base/java.util.ArrayList.forEach(ArrayList.java:1612)
]]></error>
  </testcase>
  <testcase name="calcularResultadoComparacionIgualesDevuelveIguales" classname="com.docencia.condicionales.IfElseServiceTest" time="0.002">
    <error message="Unimplemented method &apos;calcularResultadoComparacion&apos;" type="java.lang.UnsupportedOperationException"><![CDATA[java.lang.UnsupportedOperationException: Unimplemented method 'calcularResultadoComparacion'
	at com.docencia.condicionales.IfElseServiceImpl.calcularResultadoComparacion(IfElseServiceImpl.java:37)
	at com.docencia.condicionales.IfElseServiceTest.calcularResultadoComparacionIgualesDevuelveIguales(IfElseServiceTest.java:16)
	at java.base/java.lang.reflect.Method.invoke(Method.java:583)
	at java.base/java.util.ArrayList.forEach(ArrayList.java:1612)
	at java.base/java.util.ArrayList.forEach(ArrayList.java:1612)
]]></error>
  </testcase>
</testsuite>