<?xml version="1.0" encoding="UTF-8"?>
<testsuite xmlns:xsi="http://www.w3.org/2001/XMLSchema-instance" xsi:noNamespaceSchemaLocation="https://maven.apache.org/surefire/maven-surefire-plugin/xsd/surefire-test-report-3.0.xsd" version="3.0" name="com.docencia.condicionales.IfElseServiceTest" time="0.055" tests="8" errors="7" skipped="0" failures="1">
  <properties>
[...]
</properties>
  <testcase name="clasificarEdadMenorDevuelveMenor" classname="com.docencia.condicionales.IfElseServiceTest" time="0.002">
    <error message="Unimplemented method &apos;clasificarEdad&apos;" type="java.lang.UnsupportedOperationException"><![CDATA[java.lang.UnsupportedOperationException: Unimplemented method 'clasificarEdad'
	at com.docencia.condicionales.IfElseServiceImpl.clasificarEdad(IfElseServiceImpl.java:8)
	at com.docencia.condicionales.IfElseServiceTest.clasificarEdadMenorDevuelveMenor(IfElseServiceTest.java:9)
	at java.base/java.lang.reflect.Method.invoke(Method.java:583)
	at java.base/java.util.ArrayList.forEach(ArrayList.java:1612)
	at java.base/java.util.ArrayList.forEach(ArrayList.java:1612)
]]></error>
  </testcase>
  <testcase name="clasificarEdadAdultoDevuelveAdulto" classname="com.docencia.condicionales.IfElseServiceTest" time="0.01">
    <error message="Unimplemented method &apos;clasificarEdad&apos;" type="java.lang.UnsupportedOperationException"><![CDATA[java.lang.UnsupportedOperationException: Unimplemented method 'clasificarEdad'
	at com.docencia.condicionales.IfElseServiceImpl.clasificarEdad(IfElseServiceImpl.java:8)
	at com.docencia.condicionales.IfElseServiceTest.clasificarEdadAdultoDevuelveAdulto(IfElseServiceTest.java:10)
	at java.base/java.lang.reflect.Method.invoke(Method.java:583)
	at java.base/java.util.ArrayList.forEach(ArrayList.java:1612)
	at java.base/java.util.ArrayList.forEach(ArrayList.java:1612)
]]></error>
  </testcase>
  <testcase name="clasificarEdadEdadInvalidaLanzaExcepcion" classname="com.docencia.condicionales.IfElseServiceTest" time="0.005">
    <failure message="Unexpected exception type thrown, expected: &lt;java.lang.IllegalArgumentException&gt; but was: &lt;java.lang.UnsupportedOperationException&gt;" type="org.opentest4j.AssertionFailedError"><![CDATA[org.opentest4j.AssertionFailedError: Unexpected exception type thrown, expected: <java.lang.IllegalArgumentException> but was: <java.lang.UnsupportedOperationException>
	at org.junit.jupiter.api.AssertionFailureBuilder.build(AssertionFailureBuilder.java:151)
	at org.junit.jupiter.api.AssertThrows.assertThrows(AssertThrows.java:67)
	at org.junit.jupiter.api.AssertThrows.assertThrows(AssertThrows.java:35)
	at org.junit.jupiter.api.Assertions.assertThrows(Assertions.java:3115)
	at com.docencia.condicionales.IfElseServiceTest.clasificarEdadEdadInvalidaLanzaExcepcion(IfElseServiceTest.java:11)
	at java.base/java.lang.reflect.Method.invoke(Method.java:583)
	at java.base/java.util.ArrayList.forEach(ArrayList.java:1612)
	at java.base/java.util.ArrayList.forEach(ArrayList.java:1612)
Caused by: java.lang.UnsupportedOperationException: Unimplemented method 'clasificarEdad'
	at com.docencia.condicionales.IfElseServiceImpl.clasificarEdad(IfElseServiceImpl.java:8)
	at com.docencia.condicionales.IfElseServiceTest.lambda$clasificarEdadEdadInvalidaLanzaExcepcion$0(IfElseServiceTest.java:11)
	at org.junit.jupiter.api.AssertThrows.assertThrows(AssertThrows.java:53)
	... 6 more
]]></failure>
  </testcase>
  <testcase name="evaluarNotaAprobadoDevuelveAprobado" classname="com.docencia.condicionales.IfElseServiceTest" time="0.002">
    <error message="Unimplemented method &apos;evaluarNota&apos;" type="java.lang.UnsupportedOperationException"><![CDATA[java.lang.UnsupportedOperationException: Unimplemented method 'evaluarNota'
	at com.docencia.condicionales.IfElseServiceImpl.evaluarNota(IfElseServiceImpl.java:14)
	at com.docencia.condicionales.IfElseServiceTest.evaluarNotaAprobadoDevuelveAprobado(IfElseServiceTest.java:12)
	at java.base/java.lang.reflect.Method.invoke(Method.java:583)
	at java.base/java.util.ArrayList.forEach(ArrayList.java:1612)
	at java.base/java.util.ArrayList.forEach(ArrayList.java:1612)
]]></error>
  </testcase>
  <testcase name="evaluarNotaSuspensoDevuelveSuspenso" classname="com.docencia.condicionales.IfElseServiceTest" time="0.002">
    <error message="Unimplemented method &apos;evaluarNota&apos;" type="java.lang.UnsupportedOperationException"><![CDATA[java.lang.UnsupportedOperationException: Unimplemented method 'evaluarNota'
	at com.docencia.condicionales.IfElseServiceImpl.evaluarNota(IfElseServiceImpl.java:14)
	at com.docencia.condicionales.IfElseServiceTest.evaluarNotaSuspensoDevuelveSuspenso(IfElseServiceTest.java:13)
	at java.base/java.lang.reflect.Method.invoke(Method.java:583)
	at java.base/java.util.ArrayList.forEach(ArrayList.java:1612)
	at java.base/java.util.ArrayList.forEach(ArrayList.java:1612)
]]></error>
  </testcase>
  <testcase name="puedeAccederActivoYMayorDevuelveTrue" classname="com.docencia.condicionales.IfElseServiceTest" time="0.004">
    <error message="Unimplemented method &apos;puedeAcceder&apos;" type="java.lang.UnsupportedOperationException"><![CDATA[java.lang.UnsupportedOperationException: Unimplemented method 'puedeAcceder'
	at com.docencia.condicionales.IfElseServiceImpl.puedeAcceder(IfElseServiceImpl.java:20)
	at com.docencia.condicionales.IfElseServiceTest.puedeAccederActivoYMayorDevuelveTrue(IfElseServiceTest.java:14)
	at java.base/java.lang.reflect.Method.invoke(Method.java:583)
	at java.base/java.util.ArrayList.forEach(ArrayList.java:1612)
	at java.base/java.util.ArrayList.forEach(ArrayList.java:1612)
]]></error>
  </testcase>
  <testcase name="clasificarTemperaturaCalorDevuelveCalor" classname="com.docencia.condicionales.IfElseServiceTest" time="0.002">
    <error message="Unimplemented method &apos;clasificarTemperatura&apos;" type="java.lang.UnsupportedOperationException"><![CDATA[java.lang.UnsupportedOperationException: Unimplemented method 'clasificarTemperatura'
	at com.docencia.condicionales.IfElseServiceImpl.clasificarTemperatura(IfElseServiceImpl.java:26)
	at com.docencia.condicionales.IfElseServiceTest.clasificarTemperaturaCalorDevuelveCalor(IfElseServiceTest.java:15)
	at java.base/java.lang.reflect.Method.invoke(Method.java:583)
	at java.base/java.util.ArrayList.forEach(ArrayList.java:1612)
	at java.base/java.util.ArrayList.forEach(ArrayList.java:1612)
]]></error>
  </testcase>
  <testcase name="calcularResultadoComparacionIgualesDevuelveIguales" classname="com.docencia.condicionales.IfElseServiceTest" time="0.001">
    <error message="Unimplemented method &apos;calcularResultadoComparacion&apos;" type="java.lang.UnsupportedOperationException"><![CDATA[java.lang.UnsupportedOperationException: Unimplemented method 'calcularResultadoComparacion'
	at com.docencia.condicionales.IfElseServiceImpl.calcularResultadoComparacion(IfElseServiceImpl.java:32)
	at com.docencia.condicionales.IfElseServiceTest.calcularResultadoComparacionIgualesDevuelveIguales(IfElseServiceTest.java:16)
	at java.base/java.lang.reflect.Method.invoke(Method.java:583)
	at java.base/java.util.ArrayList.forEach(ArrayList.java:1612)
	at java.base/java.util.ArrayList.forEach(ArrayList.java:1612)
]]></error>
  </testcase>
</testsuite>