<?xml version="1.0" encoding="UTF-8"?>
<testsuite xmlns:xsi="http://www.w3.org/2001/XMLSchema-instance" xsi:noNamespaceSchemaLocation="https://maven.apache.org/surefire/maven-surefire-plugin/xsd/surefire-test-report-3.0.xsd" version="3.0" name="com.docencia.colecciones.MapServiceTest" time="0.066" tests="7" errors="6" skipped="0" failures="1">
  <properties>
[...]
</properties>
  <testcase name="contarFrecuenciaPalabrasDatosValidosDevuelveFrecuencias" classname="com.docencia.colecciones.MapServiceTest" time="0.004">
    <error message="Unimplemented method &apos;contarFrecuenciaPalabras&apos;" type="java.lang.UnsupportedOperationException"><![CDATA[java.lang.UnsupportedOperationException: Unimplemented method 'contarFrecuenciaPalabras'
	at com.docencia.colecciones.MapServiceImpl.contarFrecuenciaPalabras(MapServiceImpl.java:12)
	at com.docencia.colecciones.MapServiceTest.contarFrecuenciaPalabrasDatosValidosDevuelveFrecuencias(MapServiceTest.java:14)
	at java.base/java.lang.reflect.Method.invoke(Method.java:583)
	at java.base/java.util.ArrayList.forEach(ArrayList.java:1612)
	at java.base/java.util.ArrayList.forEach(ArrayList.java:1612)
]]></error>
  </testcase>
  <testcase name="contarFrecuenciaPalabrasListaVaciaDevuelveMapaVacio" classname="com.docencia.colecciones.MapServiceTest" time="0.003">
    <error message="Unimplemented method &apos;contarFrecuenciaPalabras&apos;" type="java.lang.UnsupportedOperationException"><![CDATA[java.lang.UnsupportedOperationException: Unimplemented method 'contarFrecuenciaPalabras'
	at com.docencia.colecciones.MapServiceImpl.contarFrecuenciaPalabras(MapServiceImpl.java:12)
	at com.docencia.colecciones.MapServiceTest.contarFrecuenciaPalabrasListaVaciaDevuelveMapaVacio(MapServiceTest.java:19)
	at java.base/java.lang.reflect.Method.invoke(Method.java:583)
	at java.base/java.util.ArrayList.forEach(ArrayList.java:1612)
	at java.base/java.util.ArrayList.forEach(ArrayList.java:1612)
]]></error>
  </testcase>
  <testcase name="obtenerValorPorClaveClaveInexistenteDevuelveCero" classname="com.docencia.colecciones.MapServiceTest" time="0.003">
    <error message="Unimplemented method &apos;obtenerValorPorClave&apos;" type="java.lang.UnsupportedOperationException"><![CDATA[java.lang.UnsupportedOperationException: Unimplemented method 'obtenerValorPorClave'
	at com.docencia.colecciones.MapServiceImpl.obtenerValorPorClave(MapServiceImpl.java:18)
	at com.docencia.colecciones.MapServiceTest.obtenerValorPorClaveClaveInexistenteDevuelveCero(MapServiceTest.java:24)
	at java.base/java.lang.reflect.Method.invoke(Method.java:583)
	at java.base/java.util.ArrayList.forEach(ArrayList.java:1612)
	at java.base/java.util.ArrayList.forEach(ArrayList.java:1612)
]]></error>
  </testcase>
  <testcase name="calcularMediaPorCategoriaDatosValidosDevuelveMedias" classname="com.docencia.colecciones.MapServiceTest" time="0.003">
    <error message="Unimplemented method &apos;calcularMediaPorCategoria&apos;" type="java.lang.UnsupportedOperationException"><![CDATA[java.lang.UnsupportedOperationException: Unimplemented method 'calcularMediaPorCategoria'
	at com.docencia.colecciones.MapServiceImpl.calcularMediaPorCategoria(MapServiceImpl.java:24)
	at com.docencia.colecciones.MapServiceTest.calcularMediaPorCategoriaDatosValidosDevuelveMedias(MapServiceTest.java:29)
	at java.base/java.lang.reflect.Method.invoke(Method.java:583)
	at java.base/java.util.ArrayList.forEach(ArrayList.java:1612)
	at java.base/java.util.ArrayList.forEach(ArrayList.java:1612)
]]></error>
  </testcase>
  <testcase name="obtenerClaveConMayorValorDatosValidosDevuelveClave" classname="com.docencia.colecciones.MapServiceTest" time="0.003">
    <error message="Unimplemented method &apos;obtenerClaveConMayorValor&apos;" type="java.lang.UnsupportedOperationException"><![CDATA[java.lang.UnsupportedOperationException: Unimplemented method 'obtenerClaveConMayorValor'
	at com.docencia.colecciones.MapServiceImpl.obtenerClaveConMayorValor(MapServiceImpl.java:30)
	at com.docencia.colecciones.MapServiceTest.obtenerClaveConMayorValorDatosValidosDevuelveClave(MapServiceTest.java:34)
	at java.base/java.lang.reflect.Method.invoke(Method.java:583)
	at java.base/java.util.ArrayList.forEach(ArrayList.java:1612)
	at java.base/java.util.ArrayList.forEach(ArrayList.java:1612)
]]></error>
  </testcase>
  <testcase name="obtenerClaveConMayorValorMapaVacioLanzaExcepcion" classname="com.docencia.colecciones.MapServiceTest" time="0.004">
    <failure message="Unexpected exception type thrown, expected: &lt;java.lang.IllegalArgumentException&gt; but was: &lt;java.lang.UnsupportedOperationException&gt;" type="org.opentest4j.AssertionFailedError"><![CDATA[org.opentest4j.AssertionFailedError: Unexpected exception type thrown, expected: <java.lang.IllegalArgumentException> but was: <java.lang.UnsupportedOperationException>
	at org.junit.jupiter.api.AssertionFailureBuilder.build(AssertionFailureBuilder.java:151)
	at org.junit.jupiter.api.AssertThrows.assertThrows(AssertThrows.java:67)
	at org.junit.jupiter.api.AssertThrows.assertThrows(AssertThrows.java:35)
	at org.junit.jupiter.api.Assertions.assertThrows(Assertions.java:3115)
	at com.docencia.colecciones.MapServiceTest.obtenerClaveConMayorValorMapaVacioLanzaExcepcion(MapServiceTest.java:39)
	at java.base/java.lang.reflect.Method.invoke(Method.java:583)
	at java.base/java.util.ArrayList.forEach(ArrayList.java:1612)
	at java.base/java.util.ArrayList.forEach(ArrayList.java:1612)
Caused by: java.lang.UnsupportedOperationException: Unimplemented method 'obtenerClaveConMayorValor'
	at com.docencia.colecciones.MapServiceImpl.obtenerClaveConMayorValor(MapServiceImpl.java:30)
	at com.docencia.colecciones.MapServiceTest.lambda$obtenerClaveConMayorValorMapaVacioLanzaExcepcion$0(MapServiceTest.java:39)
	at org.junit.jupiter.api.AssertThrows.assertThrows(AssertThrows.java:53)
	... 6 more
]]></failure>
  </testcase>
  <testcase name="filtrarPorValorMinimoDatosValidosDevuelveMapaFiltrado" classname="com.docencia.colecciones.MapServiceTest" time="0.002">
    <error message="Unimplemented method &apos;filtrarPorValorMinimo&apos;" type="java.lang.UnsupportedOperationException"><![CDATA[java.lang.UnsupportedOperationException: Unimplemented method 'filtrarPorValorMinimo'
	at com.docencia.colecciones.MapServiceImpl.filtrarPorValorMinimo(MapServiceImpl.java:36)
	at com.docencia.colecciones.MapServiceTest.filtrarPorValorMinimoDatosValidosDevuelveMapaFiltrado(MapServiceTest.java:44)
	at java.base/java.lang.reflect.Method.invoke(Method.java:583)
	at java.base/java.util.ArrayList.forEach(ArrayList.java:1612)
	at java.base/java.util.ArrayList.forEach(ArrayList.java:1612)
]]></error>
  </testcase>
</testsuite>