<?xml version="1.0" encoding="UTF-8"?>
<testsuite xmlns:xsi="http://www.w3.org/2001/XMLSchema-instance" xsi:noNamespaceSchemaLocation="https://maven.apache.org/surefire/maven-surefire-plugin/xsd/surefire-test-report-3.0.xsd" version="3.0" name="com.docencia.condicionales.SwitchServiceTest" time="0.067" tests="7" errors="6" skipped="0" failures="1">
  <properties>
[...]
</properties>
  <testcase name="obtenerNombreDiaNumeroValidoDevuelveDia" classname="com.docencia.condicionales.SwitchServiceTest" time="0.002">
    <error message="Unimplemented method &apos;obtenerNombreDia&apos;" type="java.lang.UnsupportedOperationException"><![CDATA[java.lang.UnsupportedOperationException: Unimplemented method 'obtenerNombreDia'
	at com.docencia.condicionales.SwitchServiceImpl.obtenerNombreDia(SwitchServiceImpl.java:8)
	at com.docencia.condicionales.SwitchServiceTest.obtenerNombreDiaNumeroValidoDevuelveDia(SwitchServiceTest.java:9)
	at java.base/java.lang.reflect.Method.invoke(Method.java:583)
	at java.base/java.util.ArrayList.forEach(ArrayList.java:1612)
	at java.base/java.util.ArrayList.forEach(ArrayList.java:1612)
]]></error>
  </testcase>
  <testcase name="obtenerNombreDiaNumeroInvalidoLanzaExcepcion" classname="com.docencia.condicionales.SwitchServiceTest" time="0.002">
    <failure message="Unexpected exception type thrown, expected: &lt;java.lang.IllegalArgumentException&gt; but was: &lt;java.lang.UnsupportedOperationException&gt;" type="org.opentest4j.AssertionFailedError"><![CDATA[org.opentest4j.AssertionFailedError: Unexpected exception type thrown, expected: <java.lang.IllegalArgumentException> but was: <java.lang.UnsupportedOperationException>
	at org.junit.jupiter.api.AssertionFailureBuilder.build(AssertionFailureBuilder.java:151)
	at org.junit.jupiter.api.AssertThrows.assertThrows(AssertThrows.java:67)
	at org.junit.jupiter.api.AssertThrows.assertThrows(AssertThrows.java:35)
	at org.junit.jupiter.api.Assertions.assertThrows(Assertions.java:3115)
	at com.docencia.condicionales.SwitchServiceTest.obtenerNombreDiaNumeroInvalidoLanzaExcepcion(SwitchServiceTest.java:10)
	at java.base/java.lang.reflect.Method.invoke(Method.java:583)
	at java.base/java.util.ArrayList.forEach(ArrayList.java:1612)
	at java.base/java.util.ArrayList.forEach(ArrayList.java:1612)
Caused by: java.lang.UnsupportedOperationException: Unimplemented method 'obtenerNombreDia'
	at com.docencia.condicionales.SwitchServiceImpl.obtenerNombreDia(SwitchServiceImpl.java:8)
	at com.docencia.condicionales.SwitchServiceTest.lambda$obtenerNombreDiaNumeroInvalidoLanzaExcepcion$0(SwitchServiceTest.java:10)
	at org.junit.jupiter.api.AssertThrows.assertThrows(AssertThrows.java:53)
	... 6 more
]]></failure>
  </testcase>
  <testcase name="calcularDescuentoPorTipoVipDevuelveDescuento" classname="com.docencia.condicionales.SwitchServiceTest" time="0.002">
    <error message="Unimplemented method &apos;calcularDescuentoPorTipo&apos;" type="java.lang.UnsupportedOperationException"><![CDATA[java.lang.UnsupportedOperationException: Unimplemented method 'calcularDescuentoPorTipo'
	at com.docencia.condicionales.SwitchServiceImpl.calcularDescuentoPorTipo(SwitchServiceImpl.java:14)
	at com.docencia.condicionales.SwitchServiceTest.calcularDescuentoPorTipoVipDevuelveDescuento(SwitchServiceTest.java:11)
	at java.base/java.lang.reflect.Method.invoke(Method.java:583)
	at java.base/java.util.ArrayList.forEach(ArrayList.java:1612)
	at java.base/java.util.ArrayList.forEach(ArrayList.java:1612)
]]></error>
  </testcase>
  <testcase name="calcularDescuentoPorTipoNormalDevuelveSinDescuento" classname="com.docencia.condicionales.SwitchServiceTest" time="0.002">
    <error message="Unimplemented method &apos;calcularDescuentoPorTipo&apos;" type="java.lang.UnsupportedOperationException"><![CDATA[java.lang.UnsupportedOperationException: Unimplemented method 'calcularDescuentoPorTipo'
	at com.docencia.condicionales.SwitchServiceImpl.calcularDescuentoPorTipo(SwitchServiceImpl.java:14)
	at com.docencia.condicionales.SwitchServiceTest.calcularDescuentoPorTipoNormalDevuelveSinDescuento(SwitchServiceTest.java:12)
	at java.base/java.lang.reflect.Method.invoke(Method.java:583)
	at java.base/java.util.ArrayList.forEach(ArrayList.java:1612)
	at java.base/java.util.ArrayList.forEach(ArrayList.java:1612)
]]></error>
  </testcase>
  <testcase name="obtenerMensajeEstadoActivoDevuelveMensaje" classname="com.docencia.condicionales.SwitchServiceTest" time="0.008">
    <error message="Unimplemented method &apos;obtenerMensajeEstado&apos;" type="java.lang.UnsupportedOperationException"><![CDATA[java.lang.UnsupportedOperationException: Unimplemented method 'obtenerMensajeEstado'
	at com.docencia.condicionales.SwitchServiceImpl.obtenerMensajeEstado(SwitchServiceImpl.java:20)
	at com.docencia.condicionales.SwitchServiceTest.obtenerMensajeEstadoActivoDevuelveMensaje(SwitchServiceTest.java:13)
	at java.base/java.lang.reflect.Method.invoke(Method.java:583)
	at java.base/java.util.ArrayList.forEach(ArrayList.java:1612)
	at java.base/java.util.ArrayList.forEach(ArrayList.java:1612)
]]></error>
  </testcase>
  <testcase name="obtenerDiasDelMesFebreroDevuelveVeintiocho" classname="com.docencia.condicionales.SwitchServiceTest" time="0.002">
    <error message="Unimplemented method &apos;obtenerDiasDelMes&apos;" type="java.lang.UnsupportedOperationException"><![CDATA[java.lang.UnsupportedOperationException: Unimplemented method 'obtenerDiasDelMes'
	at com.docencia.condicionales.SwitchServiceImpl.obtenerDiasDelMes(SwitchServiceImpl.java:26)
	at com.docencia.condicionales.SwitchServiceTest.obtenerDiasDelMesFebreroDevuelveVeintiocho(SwitchServiceTest.java:14)
	at java.base/java.lang.reflect.Method.invoke(Method.java:583)
	at java.base/java.util.ArrayList.forEach(ArrayList.java:1612)
	at java.base/java.util.ArrayList.forEach(ArrayList.java:1612)
]]></error>
  </testcase>
  <testcase name="obtenerCategoriaProductoCodigoValidoDevuelveCategoria" classname="com.docencia.condicionales.SwitchServiceTest" time="0.002">
    <error message="Unimplemented method &apos;obtenerCategoriaProducto&apos;" type="java.lang.UnsupportedOperationException"><![CDATA[java.lang.UnsupportedOperationException: Unimplemented method 'obtenerCategoriaProducto'
	at com.docencia.condicionales.SwitchServiceImpl.obtenerCategoriaProducto(SwitchServiceImpl.java:32)
	at com.docencia.condicionales.SwitchServiceTest.obtenerCategoriaProductoCodigoValidoDevuelveCategoria(SwitchServiceTest.java:15)
	at java.base/java.lang.reflect.Method.invoke(Method.java:583)
	at java.base/java.util.ArrayList.forEach(ArrayList.java:1612)
	at java.base/java.util.ArrayList.forEach(ArrayList.java:1612)
]]></error>
  </testcase>
</testsuite>